2025-12-17 11:16:21,527 - app.services.background_tasks - INFO - Starting background tasks...
2025-12-17 11:16:23,394 - app.services.mongodb_service - INFO - Successfully connected to MongoDB
2025-12-17 11:16:23,395 - app.services.background_tasks - INFO - Background tasks started successfully
2025-12-17 11:16:23,396 - app.services.background_tasks - INFO - Starting MongoDB polling every 10 seconds
2025-12-17 11:16:24,984 - sqlalchemy.engine.Engine - INFO - select pg_catalog.version()
2025-12-17 11:16:24,986 - sqlalchemy.engine.Engine - INFO - [raw sql] {}
2025-12-17 11:16:24,990 - sqlalchemy.engine.Engine - INFO - select current_schema()
2025-12-17 11:16:24,991 - sqlalchemy.engine.Engine - INFO - [raw sql] {}
2025-12-17 11:16:24,995 - sqlalchemy.engine.Engine - INFO - show standard_conforming_strings
2025-12-17 11:16:24,996 - sqlalchemy.engine.Engine - INFO - [raw sql] {}
2025-12-17 11:16:24,999 - sqlalchemy.engine.Engine - INFO - BEGIN (implicit)
2025-12-17 11:16:25,009 - sqlalchemy.engine.Engine - INFO - SELECT files.id AS files_id, files.project_id AS files_project_id, files.folder_id AS files_folder_id, files.batch_id AS files_batch_id, files.name AS files_name, files.url AS files_url, files.processing_status AS files_processing_status, files.created_at AS files_created_at 
FROM files 
WHERE files.processing_status = %(processing_status_1)s
2025-12-17 11:16:25,010 - sqlalchemy.engine.Engine - INFO - [generated in 0.00158s] {'processing_status_1': 'PROCESSING'}
2025-12-17 11:16:25,043 - sqlalchemy.engine.Engine - INFO - ROLLBACK
2025-12-17 11:16:27,898 - app.middlewares.logger - INFO - Request: GET /api/projects from 127.0.0.1
2025-12-17 11:16:27,899 - app.middlewares.logger - INFO - Response: 307 for GET /api/projects (0.95ms)
2025-12-17 11:16:27,952 - app.middlewares.logger - INFO - Request: GET /api/projects/ from 127.0.0.1
2025-12-17 11:16:28,033 - sqlalchemy.engine.Engine - INFO - BEGIN (implicit)
2025-12-17 11:16:28,039 - sqlalchemy.engine.Engine - INFO - SELECT projects.id AS projects_id, projects.name AS projects_name, projects.project_type AS projects_project_type, projects.description AS projects_description, projects.specification_instructions AS projects_specification_instructions, projects.folder_count AS projects_folder_count, projects.file_count AS projects_file_count, projects.created_at AS projects_created_at 
FROM projects ORDER BY projects.created_at DESC
2025-12-17 11:16:28,041 - sqlalchemy.engine.Engine - INFO - [generated in 0.00165s] {}
2025-12-17 11:16:28,209 - app.middlewares.logger - INFO - Response: 200 for GET /api/projects/ (256.86ms)
2025-12-17 11:16:28,212 - sqlalchemy.engine.Engine - INFO - ROLLBACK
2025-12-17 11:16:35,052 - sqlalchemy.engine.Engine - INFO - BEGIN (implicit)
2025-12-17 11:16:35,055 - sqlalchemy.engine.Engine - INFO - SELECT files.id AS files_id, files.project_id AS files_project_id, files.folder_id AS files_folder_id, files.batch_id AS files_batch_id, files.name AS files_name, files.url AS files_url, files.processing_status AS files_processing_status, files.created_at AS files_created_at 
FROM files 
WHERE files.processing_status = %(processing_status_1)s
2025-12-17 11:16:35,057 - sqlalchemy.engine.Engine - INFO - [cached since 10.05s ago] {'processing_status_1': 'PROCESSING'}
2025-12-17 11:16:35,060 - sqlalchemy.engine.Engine - INFO - ROLLBACK
2025-12-17 11:16:45,067 - sqlalchemy.engine.Engine - INFO - BEGIN (implicit)
2025-12-17 11:16:45,070 - sqlalchemy.engine.Engine - INFO - SELECT files.id AS files_id, files.project_id AS files_project_id, files.folder_id AS files_folder_id, files.batch_id AS files_batch_id, files.name AS files_name, files.url AS files_url, files.processing_status AS files_processing_status, files.created_at AS files_created_at 
FROM files 
WHERE files.processing_status = %(processing_status_1)s
2025-12-17 11:16:45,071 - sqlalchemy.engine.Engine - INFO - [cached since 20.06s ago] {'processing_status_1': 'PROCESSING'}
2025-12-17 11:16:45,074 - sqlalchemy.engine.Engine - INFO - ROLLBACK
2025-12-17 11:16:55,081 - sqlalchemy.engine.Engine - INFO - BEGIN (implicit)
2025-12-17 11:16:55,082 - sqlalchemy.engine.Engine - INFO - SELECT files.id AS files_id, files.project_id AS files_project_id, files.folder_id AS files_folder_id, files.batch_id AS files_batch_id, files.name AS files_name, files.url AS files_url, files.processing_status AS files_processing_status, files.created_at AS files_created_at 
FROM files 
WHERE files.processing_status = %(processing_status_1)s
2025-12-17 11:16:55,082 - sqlalchemy.engine.Engine - INFO - [cached since 30.07s ago] {'processing_status_1': 'PROCESSING'}
2025-12-17 11:16:55,084 - sqlalchemy.engine.Engine - INFO - ROLLBACK
2025-12-17 11:17:05,095 - sqlalchemy.engine.Engine - INFO - BEGIN (implicit)
2025-12-17 11:17:05,097 - sqlalchemy.engine.Engine - INFO - SELECT files.id AS files_id, files.project_id AS files_project_id, files.folder_id AS files_folder_id, files.batch_id AS files_batch_id, files.name AS files_name, files.url AS files_url, files.processing_status AS files_processing_status, files.created_at AS files_created_at 
FROM files 
WHERE files.processing_status = %(processing_status_1)s
2025-12-17 11:17:05,099 - sqlalchemy.engine.Engine - INFO - [cached since 40.09s ago] {'processing_status_1': 'PROCESSING'}
2025-12-17 11:17:05,102 - sqlalchemy.engine.Engine - INFO - ROLLBACK
2025-12-17 11:17:15,121 - sqlalchemy.engine.Engine - INFO - BEGIN (implicit)
2025-12-17 11:17:15,123 - sqlalchemy.engine.Engine - INFO - SELECT files.id AS files_id, files.project_id AS files_project_id, files.folder_id AS files_folder_id, files.batch_id AS files_batch_id, files.name AS files_name, files.url AS files_url, files.processing_status AS files_processing_status, files.created_at AS files_created_at 
FROM files 
WHERE files.processing_status = %(processing_status_1)s
2025-12-17 11:17:15,123 - sqlalchemy.engine.Engine - INFO - [cached since 50.11s ago] {'processing_status_1': 'PROCESSING'}
2025-12-17 11:17:15,126 - sqlalchemy.engine.Engine - INFO - ROLLBACK
2025-12-17 11:17:25,132 - sqlalchemy.engine.Engine - INFO - BEGIN (implicit)
2025-12-17 11:17:25,135 - sqlalchemy.engine.Engine - INFO - SELECT files.id AS files_id, files.project_id AS files_project_id, files.folder_id AS files_folder_id, files.batch_id AS files_batch_id, files.name AS files_name, files.url AS files_url, files.processing_status AS files_processing_status, files.created_at AS files_created_at 
FROM files 
WHERE files.processing_status = %(processing_status_1)s
2025-12-17 11:17:25,137 - sqlalchemy.engine.Engine - INFO - [cached since 60.13s ago] {'processing_status_1': 'PROCESSING'}
2025-12-17 11:17:25,141 - sqlalchemy.engine.Engine - INFO - ROLLBACK
2025-12-17 11:17:35,164 - sqlalchemy.engine.Engine - INFO - BEGIN (implicit)
2025-12-17 11:17:35,166 - sqlalchemy.engine.Engine - INFO - SELECT files.id AS files_id, files.project_id AS files_project_id, files.folder_id AS files_folder_id, files.batch_id AS files_batch_id, files.name AS files_name, files.url AS files_url, files.processing_status AS files_processing_status, files.created_at AS files_created_at 
FROM files 
WHERE files.processing_status = %(processing_status_1)s
2025-12-17 11:17:35,167 - sqlalchemy.engine.Engine - INFO - [cached since 70.16s ago] {'processing_status_1': 'PROCESSING'}
2025-12-17 11:17:35,172 - sqlalchemy.engine.Engine - INFO - ROLLBACK
2025-12-17 11:17:45,177 - sqlalchemy.engine.Engine - INFO - BEGIN (implicit)
2025-12-17 11:17:45,180 - sqlalchemy.engine.Engine - INFO - SELECT files.id AS files_id, files.project_id AS files_project_id, files.folder_id AS files_folder_id, files.batch_id AS files_batch_id, files.name AS files_name, files.url AS files_url, files.processing_status AS files_processing_status, files.created_at AS files_created_at 
FROM files 
WHERE files.processing_status = %(processing_status_1)s
2025-12-17 11:17:45,181 - sqlalchemy.engine.Engine - INFO - [cached since 80.17s ago] {'processing_status_1': 'PROCESSING'}
2025-12-17 11:17:45,185 - sqlalchemy.engine.Engine - INFO - ROLLBACK
